2025/08/12 05:41:06 [warn] 1#1: the "listen ... http2" directive is deprecated, use the "http2" directive instead in /etc/nginx/conf.d/nginx-argocd.conf:11
2025/08/12 05:41:06 [emerg] 1#1: "client_header_timeout" directive is not allowed here in /etc/nginx/conf.d/nginx-argocd.conf:66
2025/08/12 05:41:06 [warn] 1#1: the "listen ... http2" directive is deprecated, use the "http2" directive instead in /etc/nginx/conf.d/nginx-argocd.conf:11
2025/08/12 05:41:06 [emerg] 1#1: "client_header_timeout" directive is not allowed here in /etc/nginx/conf.d/nginx-argocd.conf:66
2025/08/12 05:41:07 [warn] 1#1: the "listen ... http2" directive is deprecated, use the "http2" directive instead in /etc/nginx/conf.d/nginx-argocd.conf:11
2025/08/12 05:41:07 [emerg] 1#1: "client_header_timeout" directive is not allowed here in /etc/nginx/conf.d/nginx-argocd.conf:66
2025/08/12 05:41:07 [warn] 1#1: the "listen ... http2" directive is deprecated, use the "http2" directive instead in /etc/nginx/conf.d/nginx-argocd.conf:11
2025/08/12 05:41:07 [emerg] 1#1: "client_header_timeout" directive is not allowed here in /etc/nginx/conf.d/nginx-argocd.conf:66
2025/08/12 05:41:08 [warn] 1#1: the "listen ... http2" directive is deprecated, use the "http2" directive instead in /etc/nginx/conf.d/nginx-argocd.conf:11
2025/08/12 05:41:08 [emerg] 1#1: "client_header_timeout" directive is not allowed here in /etc/nginx/conf.d/nginx-argocd.conf:66
2025/08/12 05:41:10 [warn] 1#1: the "listen ... http2" directive is deprecated, use the "http2" directive instead in /etc/nginx/conf.d/nginx-argocd.conf:11
2025/08/12 05:41:10 [emerg] 1#1: "client_header_timeout" directive is not allowed here in /etc/nginx/conf.d/nginx-argocd.conf:66
2025/08/12 05:41:11 [warn] 1#1: the "listen ... http2" directive is deprecated, use the "http2" directive instead in /etc/nginx/conf.d/nginx-argocd.conf:11
2025/08/12 05:41:11 [emerg] 1#1: "client_header_timeout" directive is not allowed here in /etc/nginx/conf.d/nginx-argocd.conf:66
2025/08/12 05:41:18 [warn] 1#1: the "listen ... http2" directive is deprecated, use the "http2" directive instead in /etc/nginx/conf.d/nginx-argocd.conf:11
2025/08/12 05:41:18 [emerg] 1#1: "client_header_timeout" directive is not allowed here in /etc/nginx/conf.d/nginx-argocd.conf:66
2025/08/12 05:42:39 [warn] 1#1: the "listen ... http2" directive is deprecated, use the "http2" directive instead in /etc/nginx/conf.d/nginx-argocd.conf:11
2025/08/12 05:42:39 [emerg] 1#1: "client_header_timeout" directive is not allowed here in /etc/nginx/conf.d/nginx-argocd.conf:66
2025/08/12 05:42:40 [warn] 1#1: the "listen ... http2" directive is deprecated, use the "http2" directive instead in /etc/nginx/conf.d/nginx-argocd.conf:11
2025/08/12 05:42:40 [emerg] 1#1: "client_header_timeout" directive is not allowed here in /etc/nginx/conf.d/nginx-argocd.conf:66
2025/08/12 05:42:40 [warn] 1#1: the "listen ... http2" directive is deprecated, use the "http2" directive instead in /etc/nginx/conf.d/nginx-argocd.conf:11
2025/08/12 05:42:40 [emerg] 1#1: "client_header_timeout" directive is not allowed here in /etc/nginx/conf.d/nginx-argocd.conf:66
2025/08/12 05:42:41 [warn] 1#1: the "listen ... http2" directive is deprecated, use the "http2" directive instead in /etc/nginx/conf.d/nginx-argocd.conf:11
2025/08/12 05:42:41 [emerg] 1#1: "client_header_timeout" directive is not allowed here in /etc/nginx/conf.d/nginx-argocd.conf:66
2025/08/12 05:42:42 [warn] 1#1: the "listen ... http2" directive is deprecated, use the "http2" directive instead in /etc/nginx/conf.d/nginx-argocd.conf:11
2025/08/12 05:42:42 [emerg] 1#1: "client_header_timeout" directive is not allowed here in /etc/nginx/conf.d/nginx-argocd.conf:66
2025/08/12 05:42:44 [warn] 1#1: the "listen ... http2" directive is deprecated, use the "http2" directive instead in /etc/nginx/conf.d/nginx-argocd.conf:11
2025/08/12 05:42:44 [emerg] 1#1: "client_header_timeout" directive is not allowed here in /etc/nginx/conf.d/nginx-argocd.conf:66
2025/08/12 05:42:47 [warn] 1#1: the "listen ... http2" directive is deprecated, use the "http2" directive instead in /etc/nginx/conf.d/nginx-argocd.conf:11
2025/08/12 05:42:47 [emerg] 1#1: "client_header_timeout" directive is not allowed here in /etc/nginx/conf.d/nginx-argocd.conf:66
2025/08/12 05:42:54 [warn] 1#1: the "listen ... http2" directive is deprecated, use the "http2" directive instead in /etc/nginx/conf.d/nginx-argocd.conf:11
2025/08/12 05:42:54 [emerg] 1#1: "client_header_timeout" directive is not allowed here in /etc/nginx/conf.d/nginx-argocd.conf:66
2025/08/12 05:43:04 [warn] 1#1: the "listen ... http2" directive is deprecated, use the "http2" directive instead in /etc/nginx/conf.d/nginx-argocd.conf:11
2025/08/12 05:43:04 [emerg] 1#1: "client_header_timeout" directive is not allowed here in /etc/nginx/conf.d/nginx-argocd.conf:66
2025/08/12 05:43:30 [warn] 1#1: the "listen ... http2" directive is deprecated, use the "http2" directive instead in /etc/nginx/conf.d/nginx-argocd.conf:11
2025/08/12 05:43:30 [emerg] 1#1: "client_header_timeout" directive is not allowed here in /etc/nginx/conf.d/nginx-argocd.conf:66
2025/08/12 05:43:46 [notice] 1#1: using the "epoll" event method
2025/08/12 05:43:46 [notice] 1#1: nginx/1.29.0
2025/08/12 05:43:46 [notice] 1#1: built by gcc 14.2.0 (Alpine 14.2.0) 
2025/08/12 05:43:46 [notice] 1#1: OS: Linux 6.6.87.1-microsoft-standard-WSL2
2025/08/12 05:43:46 [notice] 1#1: getrlimit(RLIMIT_NOFILE): 1048576:1048576
2025/08/12 05:43:46 [notice] 1#1: start worker processes
2025/08/12 05:43:46 [notice] 1#1: start worker process 20
2025/08/12 05:43:46 [notice] 1#1: start worker process 21
2025/08/12 05:43:46 [notice] 1#1: start worker process 22
2025/08/12 05:43:46 [notice] 1#1: start worker process 23
2025/08/12 05:43:46 [notice] 1#1: start worker process 24
2025/08/12 05:43:46 [notice] 1#1: start worker process 25
2025/08/12 05:43:46 [notice] 1#1: start worker process 26
2025/08/12 05:43:46 [notice] 1#1: start worker process 27
2025/08/12 05:43:46 [notice] 1#1: start worker process 28
2025/08/12 05:43:46 [notice] 1#1: start worker process 29
2025/08/12 05:43:46 [notice] 1#1: start worker process 30
2025/08/12 05:43:46 [notice] 1#1: start worker process 31
2025/08/12 05:43:46 [notice] 1#1: start worker process 32
2025/08/12 05:43:46 [notice] 1#1: start worker process 33
2025/08/12 05:43:46 [notice] 1#1: start worker process 34
2025/08/12 05:43:46 [notice] 1#1: start worker process 35
2025/08/12 05:43:46 [notice] 1#1: start worker process 36
2025/08/12 05:43:46 [notice] 1#1: start worker process 37
2025/08/12 05:43:46 [notice] 1#1: start worker process 38
2025/08/12 05:43:46 [notice] 1#1: start worker process 39
2025/08/12 05:43:46 [notice] 1#1: start worker process 40
2025/08/12 05:43:46 [notice] 1#1: start worker process 41
2025/08/12 05:43:46 [notice] 1#1: start worker process 42
2025/08/12 05:43:46 [notice] 1#1: start worker process 43
2025/08/12 05:43:46 [notice] 1#1: start worker process 44
2025/08/12 05:43:46 [notice] 1#1: start worker process 45
2025/08/12 05:43:46 [notice] 1#1: start worker process 46
2025/08/12 05:43:46 [notice] 1#1: start worker process 47
2025/08/12 05:44:27 [notice] 1#1: signal 3 (SIGQUIT) received, shutting down
2025/08/12 05:44:27 [notice] 20#20: gracefully shutting down
2025/08/12 05:44:27 [notice] 34#34: gracefully shutting down
2025/08/12 05:44:27 [notice] 22#22: gracefully shutting down
2025/08/12 05:44:27 [notice] 21#21: gracefully shutting down
2025/08/12 05:44:27 [notice] 23#23: gracefully shutting down
2025/08/12 05:44:27 [notice] 24#24: gracefully shutting down
2025/08/12 05:44:27 [notice] 24#24: exiting
2025/08/12 05:44:27 [notice] 25#25: gracefully shutting down
2025/08/12 05:44:27 [notice] 26#26: gracefully shutting down
2025/08/12 05:44:27 [notice] 24#24: exit
2025/08/12 05:44:27 [notice] 27#27: gracefully shutting down
2025/08/12 05:44:27 [notice] 28#28: gracefully shutting down
2025/08/12 05:44:27 [notice] 29#29: gracefully shutting down
2025/08/12 05:44:27 [notice] 30#30: gracefully shutting down
2025/08/12 05:44:27 [notice] 31#31: gracefully shutting down
2025/08/12 05:44:27 [notice] 32#32: gracefully shutting down
2025/08/12 05:44:27 [notice] 33#33: gracefully shutting down
2025/08/12 05:44:27 [notice] 35#35: gracefully shutting down
2025/08/12 05:44:27 [notice] 36#36: gracefully shutting down
2025/08/12 05:44:27 [notice] 37#37: gracefully shutting down
2025/08/12 05:44:27 [notice] 38#38: gracefully shutting down
2025/08/12 05:44:27 [notice] 39#39: gracefully shutting down
2025/08/12 05:44:27 [notice] 42#42: gracefully shutting down
2025/08/12 05:44:27 [notice] 43#43: gracefully shutting down
2025/08/12 05:44:27 [notice] 44#44: gracefully shutting down
2025/08/12 05:44:27 [notice] 41#41: gracefully shutting down
2025/08/12 05:44:27 [notice] 45#45: gracefully shutting down
2025/08/12 05:44:27 [notice] 46#46: gracefully shutting down
2025/08/12 05:44:27 [notice] 47#47: gracefully shutting down
2025/08/12 05:44:27 [notice] 40#40: gracefully shutting down
2025/08/12 05:44:27 [notice] 34#34: exiting
2025/08/12 05:44:27 [notice] 22#22: exiting
2025/08/12 05:44:27 [notice] 21#21: exiting
2025/08/12 05:44:27 [notice] 23#23: exiting
2025/08/12 05:44:27 [notice] 25#25: exiting
2025/08/12 05:44:27 [notice] 26#26: exiting
2025/08/12 05:44:27 [notice] 27#27: exiting
2025/08/12 05:44:27 [notice] 28#28: exiting
2025/08/12 05:44:27 [notice] 29#29: exiting
2025/08/12 05:44:27 [notice] 30#30: exiting
2025/08/12 05:44:27 [notice] 31#31: exiting
2025/08/12 05:44:27 [notice] 32#32: exiting
2025/08/12 05:44:27 [notice] 33#33: exiting
2025/08/12 05:44:27 [notice] 35#35: exiting
2025/08/12 05:44:27 [notice] 32#32: exit
2025/08/12 05:44:27 [notice] 36#36: exiting
2025/08/12 05:44:27 [notice] 37#37: exiting
2025/08/12 05:44:27 [notice] 38#38: exiting
2025/08/12 05:44:27 [notice] 39#39: exiting
2025/08/12 05:44:27 [notice] 42#42: exiting
2025/08/12 05:44:27 [notice] 43#43: exiting
2025/08/12 05:44:27 [notice] 44#44: exiting
2025/08/12 05:44:27 [notice] 41#41: exiting
2025/08/12 05:44:27 [notice] 45#45: exiting
2025/08/12 05:44:27 [notice] 46#46: exiting
2025/08/12 05:44:27 [notice] 47#47: exiting
2025/08/12 05:44:27 [notice] 40#40: exiting
2025/08/12 05:44:27 [notice] 34#34: exit
2025/08/12 05:44:27 [notice] 22#22: exit
2025/08/12 05:44:27 [notice] 40#40: exit
2025/08/12 05:44:27 [notice] 21#21: exit
2025/08/12 05:44:27 [notice] 23#23: exit
2025/08/12 05:44:27 [notice] 25#25: exit
2025/08/12 05:44:27 [notice] 26#26: exit
2025/08/12 05:44:27 [notice] 27#27: exit
2025/08/12 05:44:27 [notice] 28#28: exit
2025/08/12 05:44:27 [notice] 29#29: exit
2025/08/12 05:44:27 [notice] 30#30: exit
2025/08/12 05:44:27 [notice] 31#31: exit
2025/08/12 05:44:27 [notice] 33#33: exit
2025/08/12 05:44:27 [notice] 35#35: exit
2025/08/12 05:44:27 [notice] 36#36: exit
2025/08/12 05:44:27 [notice] 37#37: exit
2025/08/12 05:44:27 [notice] 38#38: exit
2025/08/12 05:44:27 [notice] 39#39: exit
2025/08/12 05:44:27 [notice] 42#42: exit
2025/08/12 05:44:27 [notice] 43#43: exit
2025/08/12 05:44:27 [notice] 44#44: exit
2025/08/12 05:44:27 [notice] 41#41: exit
2025/08/12 05:44:27 [notice] 45#45: exit
2025/08/12 05:44:27 [notice] 46#46: exit
2025/08/12 05:44:27 [notice] 47#47: exit
2025/08/12 05:44:27 [notice] 1#1: signal 17 (SIGCHLD) received from 43
2025/08/12 05:44:27 [notice] 1#1: worker process 21 exited with code 0
2025/08/12 05:44:27 [notice] 1#1: worker process 31 exited with code 0
2025/08/12 05:44:27 [notice] 1#1: worker process 33 exited with code 0
2025/08/12 05:44:27 [notice] 1#1: worker process 43 exited with code 0
2025/08/12 05:44:27 [notice] 1#1: worker process 47 exited with code 0
2025/08/12 05:44:27 [notice] 1#1: signal 29 (SIGIO) received
2025/08/12 05:44:27 [notice] 1#1: signal 17 (SIGCHLD) received from 34
2025/08/12 05:44:27 [notice] 1#1: worker process 34 exited with code 0
2025/08/12 05:44:27 [notice] 1#1: worker process 22 exited with code 0
2025/08/12 05:44:27 [notice] 1#1: worker process 24 exited with code 0
2025/08/12 05:44:27 [notice] 1#1: worker process 25 exited with code 0
2025/08/12 05:44:27 [notice] 1#1: worker process 27 exited with code 0
2025/08/12 05:44:27 [notice] 1#1: worker process 29 exited with code 0
2025/08/12 05:44:27 [notice] 1#1: worker process 32 exited with code 0
2025/08/12 05:44:27 [notice] 1#1: worker process 38 exited with code 0
2025/08/12 05:44:27 [notice] 1#1: worker process 41 exited with code 0
2025/08/12 05:44:27 [notice] 1#1: signal 29 (SIGIO) received
2025/08/12 05:44:27 [notice] 1#1: signal 17 (SIGCHLD) received from 24
2025/08/12 05:44:27 [notice] 1#1: signal 17 (SIGCHLD) received from 39
2025/08/12 05:44:27 [notice] 1#1: worker process 23 exited with code 0
2025/08/12 05:44:27 [notice] 1#1: worker process 26 exited with code 0
2025/08/12 05:44:27 [notice] 1#1: worker process 28 exited with code 0
2025/08/12 05:44:27 [notice] 1#1: worker process 30 exited with code 0
2025/08/12 05:44:27 [notice] 1#1: worker process 36 exited with code 0
2025/08/12 05:44:27 [notice] 1#1: worker process 39 exited with code 0
2025/08/12 05:44:27 [notice] 1#1: worker process 44 exited with code 0
2025/08/12 05:44:27 [notice] 1#1: worker process 46 exited with code 0
2025/08/12 05:44:27 [notice] 1#1: worker process 35 exited with code 0
2025/08/12 05:44:27 [notice] 1#1: worker process 37 exited with code 0
2025/08/12 05:44:27 [notice] 1#1: worker process 40 exited with code 0
2025/08/12 05:44:27 [notice] 1#1: worker process 42 exited with code 0
2025/08/12 05:44:27 [notice] 1#1: signal 29 (SIGIO) received
2025/08/12 05:44:27 [notice] 1#1: signal 17 (SIGCHLD) received from 28
2025/08/12 05:44:27 [notice] 1#1: signal 17 (SIGCHLD) received from 45
2025/08/12 05:44:27 [notice] 1#1: worker process 45 exited with code 0
2025/08/12 05:44:27 [notice] 1#1: signal 29 (SIGIO) received
